<?xml version="1.0" encoding="UTF-8"?>
<!-- Generated by org.testng.reporters.JUnitReportReporter -->
<testsuite skipped="0" hostname="pradippack" name="com.twitter.apps.StatusesUpdateTest" tests="2" failures="0" timestamp="15 Jun 2018 11:40:53 GMT" time="1.664" errors="0">
  <testcase name="test" time="0.006" classname="com.twitter.apps.StatusesUpdateTest"/>
  <testcase name="updateStatusAndVerify" time="1.658" classname="com.twitter.apps.StatusesUpdateTest"/>
</testsuite> <!-- com.twitter.apps.StatusesUpdateTest -->
